==================================================================================
                      CACHE TOP TRACKER  -  Test: wr_b2b_same_cl
==================================================================================
-----------------------------------------------------------------------------------
 Time  ||  OPCODE        || address ||REG/TQ_ID|| tag  || Set ||    Data 
-----------------------------------------------------------------------------------
   870     CORE_WR_REQ       01010       01        01     01      00001111 
   880     CORE_WR_REQ       01014       02        01     01      00002222 
   890     CACHE_FILL_REQ    01010       0         01     01      ( -- read request -- ) 
  1000     FM_FILL_RSP     (see tq_id)   0        ----   ----     00000000_00000000_abbababa_00001212 
  1080     CORE_RD_REQ       01010       03        01     01      ( -- read request -- ) 
  1100     CACHE_RD_RSP      01010       01        01     01      00001111 
  1130     CORE_RD_REQ       01014       04        01     01      ( -- read request -- ) 
  1150     CACHE_RD_RSP      01014       00        01     01      00002222 
  1290     CORE_WR_REQ       01018       05        01     01      00003333 
  1300     CORE_WR_REQ       0101c       06        01     01      00004444 
  1500     CORE_RD_REQ       01018       07        01     01      ( -- read request -- ) 
  1520     CACHE_RD_RSP      01018       01        01     01      00003333 
  1550     CORE_RD_REQ       0101c       08        01     01      ( -- read request -- ) 
  1570     CACHE_RD_RSP      0101c       00        01     01      00004444 
