---------------------------------------------------------
Time	|	PC 	 | AluIn1	| AluIn2	| AluOut	|
---------------------------------------------------------
  0.0 	| xxxxxxxx |xxxxxxxx 	|xxxxxxxx 	|xxxxxxxx 	| 
  0.0 	| 00000000 |00000000 	|00000000 	|00000000 	| 
  0.0 	| 00000000 |00000000 	|00000000 	|00000000 	| 
  0.0 	| 00000000 |00000000 	|00000000 	|00000000 	| 
  0.1 	| 00000004 |00000000 	|00000000 	|00000000 	| 
  0.1 	| 00000008 |00000000 	|00000000 	|00000000 	| 
  0.1 	| 0000000c |00000000 	|00000000 	|00000000 	| 
  0.1 	| 00000010 |00000000 	|00000000 	|00000000 	| 
  0.1 	| 00000014 |00000000 	|00000000 	|00000000 	| 
  0.1 	| 00000018 |00000000 	|00000000 	|00000000 	| 
  0.1 	| 0000001c |00000000 	|00000000 	|00000000 	| 
  0.1 	| 00000020 |00000000 	|00000000 	|00000000 	| 
  0.1 	| 00000024 |00000000 	|00000000 	|00000000 	| 
  0.1 	| 00000028 |00000000 	|00000000 	|00000000 	| 
  0.1 	| 0000002c |00000000 	|00000000 	|00000000 	| 
  0.2 	| 00000030 |00000000 	|00000000 	|00000000 	| 
  0.2 	| 00000034 |00000000 	|00000000 	|00000000 	| 
  0.2 	| 00000038 |00000000 	|00000000 	|00000000 	| 
  0.2 	| 0000003c |00000000 	|00000000 	|00000000 	| 
  0.2 	| 00000040 |00000000 	|00000000 	|00000000 	| 
  0.2 	| 00000044 |00000000 	|00000000 	|00000000 	| 
  0.2 	| 00000048 |00000000 	|00000000 	|00000000 	| 
  0.2 	| 0000004c |00000000 	|00000000 	|00000000 	| 
  0.2 	| 00000050 |00000000 	|00000000 	|00000000 	| 
  0.3 	| 00000054 |00000000 	|00000000 	|00000000 	| 
  0.3 	| 00000058 |00000000 	|00000000 	|00000000 	| 
  0.3 	| 0000005c |00000000 	|00000000 	|00000000 	| 
  0.3 	| 00000060 |00000000 	|00000000 	|00000000 	| 
  0.3 	| 00000064 |00000000 	|00000000 	|00000000 	| 
  0.3 	| 00000068 |00000000 	|00000000 	|00000000 	| 
  0.3 	| 0000006c |00000000 	|00000000 	|00000000 	| 
  0.3 	| 00000070 |00000000 	|00000000 	|00000000 	| 
  0.3 	| 00000074 |00000000 	|00000000 	|00000000 	| 
  0.3 	| 00000078 |00000000 	|00000000 	|00000000 	| 
  0.3 	| 0000007c |00000000 	|00000000 	|00000000 	| 
  0.4 	| 00000080 |00000000 	|00000000 	|00000000 	| 
  0.4 	| 00000084 |00000000 	|00000000 	|00000000 	| 
  0.4 	| 00000088 |00000000 	|00000000 	|00000000 	| 
  0.4 	| 0000008c |00000000 	|00000001 	|00000001 	| 
  0.4 	| 00000090 |00000000 	|00000002 	|00000002 	| 
  0.4 	| 00000094 |00000000 	|00000003 	|00000003 	| 
  0.4 	| 00000098 |00000000 	|00000004 	|00000004 	| 
  0.4 	| 0000009c |00000000 	|00000005 	|00000005 	| 
  0.4 	| 000000a0 |00000000 	|00000006 	|00000006 	| 
  0.5 	| 000000a4 |00000000 	|00000007 	|00000007 	| 
  0.5 	| 000000a8 |00000000 	|00000008 	|00000008 	| 
  0.5 	| 000000ac |00000002 	|00000001 	|00000000 	| 
  0.5 	| 000000b0 |00000001 	|00000002 	|00000001 	| 
  0.5 	| 000000b4 |00000004 	|00000001 	|00000002 	| 
  0.5 	| 000000b8 |00000003 	|00000007 	|00000003 	| 
  0.5 	| 000000bc |00000002 	|00000001 	|00000004 	| 
  0.5 	| 000000c0 |00000001 	|00000004 	|00000005 	| 
  0.5 	| 000000c4 |00000003 	|00000005 	|00000006 	| 
  0.5 	| 000000c8 |00000001 	|00000006 	|00000007 	| 
  0.6 	| 000000cc |00000000 	|00001000 	|00001000 	| 
  0.6 	| 000000d0 |00001000 	|00000000 	|00001000 	| 
  0.6 	| 000000d4 |00001000 	|00000004 	|00001004 	| 
  0.6 	| 000000d8 |00001000 	|00000008 	|00001008 	| 
  0.6 	| 000000dc |00001000 	|0000000c 	|0000100c 	| 
  0.6 	| 000000e0 |00001000 	|00000010 	|00001010 	| 
  0.6 	| 000000e4 |00001000 	|00000014 	|00001014 	| 
  0.6 	| 000000e8 |00001000 	|00000018 	|00001018 	| 
  0.6 	| 000000ec |00001000 	|0000001c 	|0000101c 	| 
  0.6 	| 000000f0 |00001000 	|00000020 	|00001020 	| 
  0.7 	| 000000f4 |00001000 	|00000024 	|00001024 	| 
  0.7 	| 000000f8 |00001000 	|00000028 	|00001028 	| 
  0.7 	| 000000fc |00001000 	|0000002c 	|0000102c 	| 
  0.7 	| 00000100 |00001000 	|00000030 	|00001030 	| 
  0.7 	| 00000104 |00001000 	|00000034 	|00001034 	| 
  0.7 	| 00000108 |00001000 	|00000038 	|00001038 	| 
  0.7 	| 0000010c |00001000 	|0000003c 	|0000103c 	| 
  0.7 	| 00000110 |00001000 	|00000020 	|00001020 	| 
  0.7 	| 00000114 |00001000 	|00000024 	|00001024 	| 
  0.7 	| 00000118 |00001000 	|00000028 	|00001028 	| 
  0.8 	| 0000011c |00001000 	|0000002c 	|0000102c 	| 
  0.8 	| 00000120 |00001000 	|00000030 	|00001030 	| 
  0.8 	| 00000124 |00001000 	|00000034 	|00001034 	| 
  0.8 	| 00000128 |00001000 	|00000038 	|00001038 	| 
  0.8 	| 0000012c |00001000 	|0000003c 	|0000103c 	| 
  0.8 	| 00000130 |00000000 	|00000000 	|00000000 	| 
  0.8 	| 00000134 |00000000 	|00000000 	|00000000 	| 
  0.8 	| 00000138 |00000000 	|00000000 	|00000000 	| 
  0.8 	| 0000013c |00000000 	|00000000 	|00000000 	| 
  0.8 	| 00000140 |00000000 	|00000001 	|00000001 	| 
  0.8 	| 00000144 |00000000 	|00000000 	|00000000 	| 
  0.9 	| 00000148 |00000000 	|00000000 	|00000000 	| 
  0.9 	| 0000014c |00000000 	|00000000 	|00000000 	| 
  0.9 	| 00000150 |00000000 	|00000000 	|00000000 	| 
  0.9 	| 00000154 |00000000 	|00000000 	|00000000 	| 
  0.9 	| 00000158 |00000000 	|00000000 	|00000000 	| 
  0.9 	| 0000015c |00000000 	|00000000 	|00000000 	| 
  0.9 	| 00000160 |00000000 	|00000000 	|00000000 	| 
  0.9 	| 00000164 |00000000 	|00000000 	|00000000 	| 
  0.9 	| 00000168 |00000000 	|00000000 	|00000000 	| 
  0.9 	| 0000016c |00000000 	|00000000 	|00000000 	| 
  1.0 	| 00000170 |00000000 	|00000000 	|00000000 	| 
  1.0 	| 00000174 |00000000 	|00000000 	|00000000 	| 
  1.0 	| 00000178 |00000000 	|00000000 	|00000000 	| 
  1.0 	| 0000017c |00000000 	|00000000 	|00000000 	| 
  1.0 	| 00000180 |00000000 	|00000000 	|00000000 	| 
  1.0 	| 00000184 |00000000 	|00000000 	|00000000 	| 
  1.0 	| 00000188 |00000000 	|00000000 	|00000000 	| 
  1.0 	| 0000018c |00000000 	|00000000 	|00000000 	| 
  1.0 	| 00000190 |00000000 	|00000000 	|00000000 	| 
  1.1 	| 00000194 |00000000 	|00000000 	|00000000 	| 
  1.1 	| 00000198 |00000000 	|00000000 	|00000000 	| 
  1.1 	| 0000019c |00000000 	|00000000 	|00000000 	| 
  1.1 	| 000001a0 |00000000 	|00000000 	|00000000 	| 
  1.1 	| 000001a4 |00000000 	|00000000 	|00000000 	| 
  1.1 	| 000001a8 |00000000 	|00000000 	|00000000 	| 
  1.1 	| 000001ac |00000000 	|00000000 	|00000000 	| 
  1.1 	| 000001b0 |00000000 	|00000000 	|00000000 	| 
  1.1 	| 000001b4 |00000000 	|00000000 	|00000000 	| 
  1.1 	| 000001b8 |00000000 	|00000000 	|00000000 	| 
  1.1 	| 000001bc |00000000 	|00000000 	|00000000 	| 
  1.2 	| 000001c0 |00000000 	|00000000 	|00000000 	| 
  1.2 	| 000001c4 |00000000 	|00000000 	|00000000 	| 
  1.2 	| 000001c8 |00000000 	|00000000 	|00000000 	| 
  1.2 	| 000001cc |00000000 	|00000000 	|00000000 	| 
  1.2 	| 000001d0 |00000000 	|00000000 	|00000000 	| 
  1.2 	| 000001d4 |00000000 	|00000000 	|00000000 	| 
  1.2 	| 000001d8 |00000000 	|00000000 	|00000000 	| 
  1.2 	| 000001dc |00000000 	|00000000 	|00000000 	| 
  1.2 	| 000001e0 |00000000 	|00000000 	|00000000 	| 
  1.3 	| 000001e4 |00000000 	|00000000 	|00000000 	| 
  1.3 	| 000001e8 |00000000 	|00000000 	|00000000 	| 
  1.3 	| 000001ec |00000000 	|00000000 	|00000000 	| 
  1.3 	| 000001f0 |00000000 	|00000000 	|00000000 	| 
  1.3 	| 000001f4 |00000000 	|00000000 	|00000000 	| 
  1.3 	| 000001f8 |00000000 	|00000000 	|00000000 	| 
  1.3 	| 000001fc |00000000 	|00000000 	|00000000 	| 
  1.3 	| 00000200 |00000000 	|00000000 	|00000000 	| 
  1.3 	| 00000204 |00000000 	|00000000 	|00000000 	| 
  1.3 	| 00000208 |00000000 	|00000000 	|00000000 	| 
  1.4 	| 0000020c |00000000 	|00000000 	|00000000 	| 
  1.4 	| 00000210 |00000000 	|00000000 	|00000000 	| 
  1.4 	| 00000214 |00000000 	|00000000 	|00000000 	| 
  1.4 	| 00000218 |00000000 	|00000000 	|00000000 	| 
  1.4 	| 0000021c |00000000 	|00000000 	|00000000 	| 
  1.4 	| 00000220 |00000000 	|00000000 	|00000000 	| 
  1.4 	| 00000224 |00000000 	|00000000 	|00000000 	| 
  1.4 	| 00000228 |00000000 	|00000000 	|00000000 	| 
  1.4 	| 0000022c |00000000 	|00000000 	|00000000 	| 
  1.4 	| 00000230 |00000000 	|00000000 	|00000000 	| 
  1.5 	| 00000234 |00000000 	|00000000 	|00000000 	| 
  1.5 	| 00000238 |00000000 	|00000000 	|00000000 	| 
  1.5 	| 0000023c |00000000 	|00000000 	|00000000 	| 
  1.5 	| 00000240 |00000000 	|00000000 	|00000000 	| 
  1.5 	| 00000244 |00000000 	|00000000 	|00000000 	| 
  1.5 	| 00000248 |00000000 	|00000000 	|00000000 	| 
  1.5 	| 0000024c |00000000 	|00000000 	|00000000 	| 
  1.5 	| 00000250 |00000000 	|00000000 	|00000000 	| 
  1.5 	| 00000254 |00000000 	|00000000 	|00000000 	| 
  1.5 	| 00000258 |00000000 	|00000000 	|00000000 	| 
  1.6 	| 0000025c |00000000 	|00000000 	|00000000 	| 
  1.6 	| 00000260 |00000000 	|00000000 	|00000000 	| 
  1.6 	| 00000264 |00000000 	|00000000 	|00000000 	| 
  1.6 	| 00000268 |00000000 	|00000000 	|00000000 	| 
  1.6 	| 0000026c |00000000 	|00000000 	|00000000 	| 
  1.6 	| 00000270 |00000000 	|00000000 	|00000000 	| 
  1.6 	| 00000274 |00000000 	|00000000 	|00000000 	| 
  1.6 	| 00000278 |00000000 	|00000000 	|00000000 	| 
  1.6 	| 0000027c |00000000 	|00000000 	|00000000 	| 
  1.6 	| 00000280 |00000000 	|00000000 	|00000000 	| 
  1.6 	| 00000284 |00000000 	|00000000 	|00000000 	| 
  1.7 	| 00000288 |00000000 	|00000000 	|00000000 	| 
  1.7 	| 0000028c |00000000 	|00000000 	|00000000 	| 
  1.7 	| 00000290 |00000000 	|00000000 	|00000000 	| 
  1.7 	| 00000294 |00000000 	|00000000 	|00000000 	| 
  1.7 	| 00000298 |00000000 	|00000000 	|00000000 	| 
  1.7 	| 0000029c |00000000 	|00000000 	|00000000 	| 
  1.7 	| 000002a0 |00000000 	|00000000 	|00000000 	| 
  1.7 	| 000002a4 |00000000 	|00000000 	|00000000 	| 
  1.7 	| 000002a8 |00000000 	|00000000 	|00000000 	| 
  1.8 	| 000002ac |00000000 	|00000000 	|00000000 	| 
  1.8 	| 000002b0 |00000000 	|00000000 	|00000000 	| 
  1.8 	| 000002b4 |00000000 	|00000000 	|00000000 	| 
  1.8 	| 000002b8 |00000000 	|00000000 	|00000000 	| 
  1.8 	| 000002bc |00000000 	|00000000 	|00000000 	| 
  1.8 	| 000002c0 |00000000 	|00000000 	|00000000 	| 
  1.8 	| 000002c4 |00000000 	|00000000 	|00000000 	| 
  1.8 	| 000002c8 |00000000 	|00000000 	|00000000 	| 
  1.8 	| 000002cc |00000000 	|00000000 	|00000000 	| 
  1.8 	| 000002d0 |00000000 	|00000000 	|00000000 	| 
  1.9 	| 000002d4 |00000000 	|00000000 	|00000000 	| 
  1.9 	| 000002d8 |00000000 	|00000000 	|00000000 	| 
  1.9 	| 000002dc |00000000 	|00000000 	|00000000 	| 
  1.9 	| 000002e0 |00000000 	|00000000 	|00000000 	| 
  1.9 	| 000002e4 |00000000 	|00000000 	|00000000 	| 
  1.9 	| 000002e8 |00000000 	|00000000 	|00000000 	| 
  1.9 	| 000002ec |00000000 	|00000000 	|00000000 	| 
  1.9 	| 000002f0 |00000000 	|00000000 	|00000000 	| 
  1.9 	| 000002f4 |00000000 	|00000000 	|00000000 	| 
  1.9 	| 000002f8 |00000000 	|00000000 	|00000000 	| 
  2.0 	| 000002fc |00000000 	|00000000 	|00000000 	| 
  2.0 	| 00000300 |00000000 	|00000000 	|00000000 	| 
  2.0 	| 00000304 |00000000 	|00000000 	|00000000 	| 
  2.0 	| 00000308 |00000000 	|00000000 	|00000000 	| 
  2.0 	| 0000030c |00000000 	|00000000 	|00000000 	| 
  2.0 	| 00000310 |00000000 	|00000000 	|00000000 	| 
  2.0 	| 00000314 |00000000 	|00000000 	|00000000 	| 
  2.0 	| 00000318 |00000000 	|00000000 	|00000000 	| 
  2.0 	| 0000031c |00000000 	|00000000 	|00000000 	| 
  2.0 	| 00000320 |00000000 	|00000000 	|00000000 	| 
  2.0 	| 00000324 |00000000 	|00000000 	|00000000 	| 
  2.1 	| 00000328 |00000000 	|00000000 	|00000000 	| 
  2.1 	| 0000032c |00000000 	|00000000 	|00000000 	| 
  2.1 	| 00000330 |00000000 	|00000000 	|00000000 	| 
  2.1 	| 00000334 |00000000 	|00000000 	|00000000 	| 
  2.1 	| 00000338 |00000000 	|00000000 	|00000000 	| 
  2.1 	| 0000033c |00000000 	|00000000 	|00000000 	| 
  2.1 	| 00000340 |00000000 	|00000000 	|00000000 	| 
  2.1 	| 00000344 |00000000 	|00000000 	|00000000 	| 
  2.1 	| 00000348 |00000000 	|00000000 	|00000000 	| 
  2.1 	| 0000034c |00000000 	|00000000 	|00000000 	| 
  2.2 	| 00000350 |00000000 	|00000000 	|00000000 	| 
  2.2 	| 00000354 |00000000 	|00000000 	|00000000 	| 
  2.2 	| 00000358 |00000000 	|00000000 	|00000000 	| 
  2.2 	| 0000035c |00000000 	|00000000 	|00000000 	| 
  2.2 	| 00000360 |00000000 	|00000000 	|00000000 	| 
  2.2 	| 00000364 |00000000 	|00000000 	|00000000 	| 
  2.2 	| 00000368 |00000000 	|00000000 	|00000000 	| 
  2.2 	| 0000036c |00000000 	|00000000 	|00000000 	| 
  2.2 	| 00000370 |00000000 	|00000000 	|00000000 	| 
  2.3 	| 00000374 |00000000 	|00000000 	|00000000 	| 
  2.3 	| 00000378 |00000000 	|00000000 	|00000000 	| 
  2.3 	| 0000037c |00000000 	|00000000 	|00000000 	| 
  2.3 	| 00000380 |00000000 	|00000000 	|00000000 	| 
  2.3 	| 00000384 |00000000 	|00000000 	|00000000 	| 
  2.3 	| 00000388 |00000000 	|00000000 	|00000000 	| 
  2.3 	| 0000038c |00000000 	|00000000 	|00000000 	| 
  2.3 	| 00000390 |00000000 	|00000000 	|00000000 	| 
  2.3 	| 00000394 |00000000 	|00000000 	|00000000 	| 
  2.3 	| 00000398 |00000000 	|00000000 	|00000000 	| 
  2.4 	| 0000039c |00000000 	|00000000 	|00000000 	| 
  2.4 	| 000003a0 |00000000 	|00000000 	|00000000 	| 
  2.4 	| 000003a4 |00000000 	|00000000 	|00000000 	| 
  2.4 	| 000003a8 |00000000 	|00000000 	|00000000 	| 
  2.4 	| 000003ac |00000000 	|00000000 	|00000000 	| 
  2.4 	| 000003b0 |00000000 	|00000000 	|00000000 	| 
  2.4 	| 000003b4 |00000000 	|00000000 	|00000000 	| 
  2.4 	| 000003b8 |00000000 	|00000000 	|00000000 	| 
  2.4 	| 000003bc |00000000 	|00000000 	|00000000 	| 
  2.4 	| 000003c0 |00000000 	|00000000 	|00000000 	| 
  2.5 	| 000003c4 |00000000 	|00000000 	|00000000 	| 
  2.5 	| 000003c8 |00000000 	|00000000 	|00000000 	| 
  2.5 	| 000003cc |00000000 	|00000000 	|00000000 	| 
  2.5 	| 000003d0 |00000000 	|00000000 	|00000000 	| 
  2.5 	| 000003d4 |00000000 	|00000000 	|00000000 	| 
  2.5 	| 000003d8 |00000000 	|00000000 	|00000000 	| 
  2.5 	| 000003dc |00000000 	|00000000 	|00000000 	| 
  2.5 	| 000003e0 |00000000 	|00000000 	|00000000 	| 
  2.5 	| 000003e4 |00000000 	|00000000 	|00000000 	| 
  2.5 	| 000003e8 |00000000 	|00000000 	|00000000 	| 
  2.5 	| 000003ec |00000000 	|00000000 	|00000000 	| 
  2.6 	| 000003f0 |00000000 	|00000000 	|00000000 	| 
  2.6 	| 000003f4 |00000000 	|00000000 	|00000000 	| 
  2.6 	| 000003f8 |00000000 	|00000000 	|00000000 	| 
  2.6 	| 000003fc |00000000 	|00000000 	|00000000 	| 
  2.6 	| 00000400 |00000000 	|00000000 	|00000000 	| 
  2.6 	| 00000404 |00000000 	|00000000 	|00000000 	| 
  2.6 	| 00000408 |00000000 	|00000000 	|00000000 	| 
  2.6 	| 0000040c |00000000 	|00000000 	|00000000 	| 
  2.6 	| 00000410 |00000000 	|00000000 	|00000000 	| 
  2.6 	| 00000414 |00000000 	|00000000 	|00000000 	| 
  2.7 	| 00000418 |00000000 	|00000000 	|00000000 	| 
  2.7 	| 0000041c |00000000 	|00000000 	|00000000 	| 
  2.7 	| 00000420 |00000000 	|00000000 	|00000000 	| 
  2.7 	| 00000424 |00000000 	|00000000 	|00000000 	| 
  2.7 	| 00000428 |00000000 	|00000000 	|00000000 	| 
  2.7 	| 0000042c |00000000 	|00000000 	|00000000 	| 
  2.7 	| 00000430 |00000000 	|00000000 	|00000000 	| 
  2.7 	| 00000434 |00000000 	|00000000 	|00000000 	| 
  2.7 	| 00000438 |00000000 	|00000000 	|00000000 	| 
  2.8 	| 0000043c |00000000 	|00000000 	|00000000 	| 
  2.8 	| 00000440 |00000000 	|00000000 	|00000000 	| 
  2.8 	| 00000444 |00000000 	|00000000 	|00000000 	| 
  2.8 	| 00000448 |00000000 	|00000000 	|00000000 	| 
  2.8 	| 0000044c |00000000 	|00000000 	|00000000 	| 
  2.8 	| 00000450 |00000000 	|00000000 	|00000000 	| 
  2.8 	| 00000454 |00000000 	|00000000 	|00000000 	| 
  2.8 	| 00000458 |00000000 	|00000000 	|00000000 	| 
  2.8 	| 0000045c |00000000 	|00000000 	|00000000 	| 
  2.8 	| 00000460 |00000000 	|00000000 	|00000000 	| 
  2.9 	| 00000464 |00000000 	|00000000 	|00000000 	| 
  2.9 	| 00000468 |00000000 	|00000000 	|00000000 	| 
  2.9 	| 0000046c |00000000 	|00000000 	|00000000 	| 
  2.9 	| 00000470 |00000000 	|00000000 	|00000000 	| 
  2.9 	| 00000474 |00000000 	|00000000 	|00000000 	| 
  2.9 	| 00000478 |00000000 	|00000000 	|00000000 	| 
  2.9 	| 0000047c |00000000 	|00000000 	|00000000 	| 
  2.9 	| 00000480 |00000000 	|00000000 	|00000000 	| 
  2.9 	| 00000484 |00000000 	|00000000 	|00000000 	| 
  2.9 	| 00000488 |00000000 	|00000000 	|00000000 	| 
  3.0 	| 0000048c |00000000 	|00000000 	|00000000 	| 
  3.0 	| 00000490 |00000000 	|00000000 	|00000000 	| 
  3.0 	| 00000494 |00000000 	|00000000 	|00000000 	| 
  3.0 	| 00000498 |00000000 	|00000000 	|00000000 	| 
  3.0 	| 0000049c |00000000 	|00000000 	|00000000 	| 
  3.0 	| 000004a0 |00000000 	|00000000 	|00000000 	| 
  3.0 	| 000004a4 |00000000 	|00000000 	|00000000 	| 
  3.0 	| 000004a8 |00000000 	|00000000 	|00000000 	| 
  3.0 	| 000004ac |00000000 	|00000000 	|00000000 	| 
  3.0 	| 000004b0 |00000000 	|00000000 	|00000000 	| 
  3.0 	| 000004b4 |00000000 	|00000000 	|00000000 	| 
  3.1 	| 000004b8 |00000000 	|00000000 	|00000000 	| 
  3.1 	| 000004bc |00000000 	|00000000 	|00000000 	| 
  3.1 	| 000004c0 |00000000 	|00000000 	|00000000 	| 
  3.1 	| 000004c4 |00000000 	|00000000 	|00000000 	| 
  3.1 	| 000004c8 |00000000 	|00000000 	|00000000 	| 
  3.1 	| 000004cc |00000000 	|00000000 	|00000000 	| 
  3.1 	| 000004d0 |00000000 	|00000000 	|00000000 	| 
  3.1 	| 000004d4 |00000000 	|00000000 	|00000000 	| 
  3.1 	| 000004d8 |00000000 	|00000000 	|00000000 	| 
  3.1 	| 000004dc |00000000 	|00000000 	|00000000 	| 
  3.2 	| 000004e0 |00000000 	|00000000 	|00000000 	| 
  3.2 	| 000004e4 |00000000 	|00000000 	|00000000 	| 
  3.2 	| 000004e8 |00000000 	|00000000 	|00000000 	| 
  3.2 	| 000004ec |00000000 	|00000000 	|00000000 	| 
  3.2 	| 000004f0 |00000000 	|00000000 	|00000000 	| 
  3.2 	| 000004f4 |00000000 	|00000000 	|00000000 	| 
  3.2 	| 000004f8 |00000000 	|00000000 	|00000000 	| 
  3.2 	| 000004fc |00000000 	|00000000 	|00000000 	| 
  3.2 	| 00000500 |00000000 	|00000000 	|00000000 	| 
  3.3 	| 00000504 |00000000 	|00000000 	|00000000 	| 
  3.3 	| 00000508 |00000000 	|00000000 	|00000000 	| 
  3.3 	| 0000050c |00000000 	|00000000 	|00000000 	| 
  3.3 	| 00000510 |00000000 	|00000000 	|00000000 	| 
  3.3 	| 00000514 |00000000 	|00000000 	|00000000 	| 
  3.3 	| 00000518 |00000000 	|00000000 	|00000000 	| 
  3.3 	| 0000051c |00000000 	|00000000 	|00000000 	| 
  3.3 	| 00000520 |00000000 	|00000000 	|00000000 	| 
  3.3 	| 00000524 |00000000 	|00000000 	|00000000 	| 
  3.3 	| 00000528 |00000000 	|00000000 	|00000000 	| 
  3.4 	| 0000052c |00000000 	|00000000 	|00000000 	| 
  3.4 	| 00000530 |00000000 	|00000000 	|00000000 	| 
  3.4 	| 00000534 |00000000 	|00000000 	|00000000 	| 
  3.4 	| 00000538 |00000000 	|00000000 	|00000000 	| 
  3.4 	| 0000053c |00000000 	|00000000 	|00000000 	| 
  3.4 	| 00000540 |00000000 	|00000000 	|00000000 	| 
  3.4 	| 00000544 |00000000 	|00000000 	|00000000 	| 
  3.4 	| 00000548 |00000000 	|00000000 	|00000000 	| 
  3.4 	| 0000054c |00000000 	|00000000 	|00000000 	| 
  3.4 	| 00000550 |00000000 	|00000000 	|00000000 	| 
  3.5 	| 00000554 |00000000 	|00000000 	|00000000 	| 
  3.5 	| 00000558 |00000000 	|00000000 	|00000000 	| 
  3.5 	| 0000055c |00000000 	|00000000 	|00000000 	| 
  3.5 	| 00000560 |00000000 	|00000000 	|00000000 	| 
  3.5 	| 00000564 |00000000 	|00000000 	|00000000 	| 
  3.5 	| 00000568 |00000000 	|00000000 	|00000000 	| 
  3.5 	| 0000056c |00000000 	|00000000 	|00000000 	| 
  3.5 	| 00000570 |00000000 	|00000000 	|00000000 	| 
  3.5 	| 00000574 |00000000 	|00000000 	|00000000 	| 
  3.5 	| 00000578 |00000000 	|00000000 	|00000000 	| 
  3.5 	| 0000057c |00000000 	|00000000 	|00000000 	| 
  3.6 	| 00000580 |00000000 	|00000000 	|00000000 	| 
  3.6 	| 00000584 |00000000 	|00000000 	|00000000 	| 
  3.6 	| 00000588 |00000000 	|00000000 	|00000000 	| 
  3.6 	| 0000058c |00000000 	|00000000 	|00000000 	| 
  3.6 	| 00000590 |00000000 	|00000000 	|00000000 	| 
  3.6 	| 00000594 |00000000 	|00000000 	|00000000 	| 
  3.6 	| 00000598 |00000000 	|00000000 	|00000000 	| 
  3.6 	| 0000059c |00000000 	|00000000 	|00000000 	| 
  3.6 	| 000005a0 |00000000 	|00000000 	|00000000 	| 
  3.6 	| 000005a4 |00000000 	|00000000 	|00000000 	| 
  3.7 	| 000005a8 |00000000 	|00000000 	|00000000 	| 
  3.7 	| 000005ac |00000000 	|00000000 	|00000000 	| 
  3.7 	| 000005b0 |00000000 	|00000000 	|00000000 	| 
  3.7 	| 000005b4 |00000000 	|00000000 	|00000000 	| 
  3.7 	| 000005b8 |00000000 	|00000000 	|00000000 	| 
  3.7 	| 000005bc |00000000 	|00000000 	|00000000 	| 
  3.7 	| 000005c0 |00000000 	|00000000 	|00000000 	| 
  3.7 	| 000005c4 |00000000 	|00000000 	|00000000 	| 
  3.7 	| 000005c8 |00000000 	|00000000 	|00000000 	| 
  3.8 	| 000005cc |00000000 	|00000000 	|00000000 	| 
  3.8 	| 000005d0 |00000000 	|00000000 	|00000000 	| 
  3.8 	| 000005d4 |00000000 	|00000000 	|00000000 	| 
  3.8 	| 000005d8 |00000000 	|00000000 	|00000000 	| 
  3.8 	| 000005dc |00000000 	|00000000 	|00000000 	| 
  3.8 	| 000005e0 |00000000 	|00000000 	|00000000 	| 
  3.8 	| 000005e4 |00000000 	|00000000 	|00000000 	| 
  3.8 	| 000005e8 |00000000 	|00000000 	|00000000 	| 
  3.8 	| 000005ec |00000000 	|00000000 	|00000000 	| 
  3.8 	| 000005f0 |00000000 	|00000000 	|00000000 	| 
  3.9 	| 000005f4 |00000000 	|00000000 	|00000000 	| 
  3.9 	| 000005f8 |00000000 	|00000000 	|00000000 	| 
  3.9 	| 000005fc |00000000 	|00000000 	|00000000 	| 
  3.9 	| 00000600 |00000000 	|00000000 	|00000000 	| 
  3.9 	| 00000604 |00000000 	|00000000 	|00000000 	| 
  3.9 	| 00000608 |00000000 	|00000000 	|00000000 	| 
  3.9 	| 0000060c |00000000 	|00000000 	|00000000 	| 
  3.9 	| 00000610 |00000000 	|00000000 	|00000000 	| 
  3.9 	| 00000614 |00000000 	|00000000 	|00000000 	| 
  3.9 	| 00000618 |00000000 	|00000000 	|00000000 	| 
  4.0 	| 0000061c |00000000 	|00000000 	|00000000 	| 
  4.0 	| 00000620 |00000000 	|00000000 	|00000000 	| 
  4.0 	| 00000624 |00000000 	|00000000 	|00000000 	| 
  4.0 	| 00000628 |00000000 	|00000000 	|00000000 	| 
  4.0 	| 0000062c |00000000 	|00000000 	|00000000 	| 
  4.0 	| 00000630 |00000000 	|00000000 	|00000000 	| 
  4.0 	| 00000634 |00000000 	|00000000 	|00000000 	| 
  4.0 	| 00000638 |00000000 	|00000000 	|00000000 	| 
  4.0 	| 0000063c |00000000 	|00000000 	|00000000 	| 
  4.0 	| 00000640 |00000000 	|00000000 	|00000000 	| 
  4.0 	| 00000644 |00000000 	|00000000 	|00000000 	| 
  4.1 	| 00000648 |00000000 	|00000000 	|00000000 	| 
  4.1 	| 0000064c |00000000 	|00000000 	|00000000 	| 
  4.1 	| 00000650 |00000000 	|00000000 	|00000000 	| 
  4.1 	| 00000654 |00000000 	|00000000 	|00000000 	| 
  4.1 	| 00000658 |00000000 	|00000000 	|00000000 	| 
  4.1 	| 0000065c |00000000 	|00000000 	|00000000 	| 
  4.1 	| 00000660 |00000000 	|00000000 	|00000000 	| 
  4.1 	| 00000664 |00000000 	|00000000 	|00000000 	| 
  4.1 	| 00000668 |00000000 	|00000000 	|00000000 	| 
  4.2 	| 0000066c |00000000 	|00000000 	|00000000 	| 
  4.2 	| 00000670 |00000000 	|00000000 	|00000000 	| 
  4.2 	| 00000674 |00000000 	|00000000 	|00000000 	| 
  4.2 	| 00000678 |00000000 	|00000000 	|00000000 	| 
  4.2 	| 0000067c |00000000 	|00000000 	|00000000 	| 
  4.2 	| 00000680 |00000000 	|00000000 	|00000000 	| 
  4.2 	| 00000684 |00000000 	|00000000 	|00000000 	| 
  4.2 	| 00000688 |00000000 	|00000000 	|00000000 	| 
  4.2 	| 0000068c |00000000 	|00000000 	|00000000 	| 
  4.2 	| 00000690 |00000000 	|00000000 	|00000000 	| 
  4.3 	| 00000694 |00000000 	|00000000 	|00000000 	| 
  4.3 	| 00000698 |00000000 	|00000000 	|00000000 	| 
  4.3 	| 0000069c |00000000 	|00000000 	|00000000 	| 
  4.3 	| 000006a0 |00000000 	|00000000 	|00000000 	| 
  4.3 	| 000006a4 |00000000 	|00000000 	|00000000 	| 
  4.3 	| 000006a8 |00000000 	|00000000 	|00000000 	| 
  4.3 	| 000006ac |00000000 	|00000000 	|00000000 	| 
  4.3 	| 000006b0 |00000000 	|00000000 	|00000000 	| 
  4.3 	| 000006b4 |00000000 	|00000000 	|00000000 	| 
  4.3 	| 000006b8 |00000000 	|00000000 	|00000000 	| 
  4.3 	| 000006bc |00000000 	|00000000 	|00000000 	| 
  4.4 	| 000006c0 |00000000 	|00000000 	|00000000 	| 
  4.4 	| 000006c4 |00000000 	|00000000 	|00000000 	| 
  4.4 	| 000006c8 |00000000 	|00000000 	|00000000 	| 
  4.4 	| 000006cc |00000000 	|00000000 	|00000000 	| 
  4.4 	| 000006d0 |00000000 	|00000000 	|00000000 	| 
  4.4 	| 000006d4 |00000000 	|00000000 	|00000000 	| 
  4.4 	| 000006d8 |00000000 	|00000000 	|00000000 	| 
  4.4 	| 000006dc |00000000 	|00000000 	|00000000 	| 
  4.4 	| 000006e0 |00000000 	|00000000 	|00000000 	| 
  4.5 	| 000006e4 |00000000 	|00000000 	|00000000 	| 
  4.5 	| 000006e8 |00000000 	|00000000 	|00000000 	| 
  4.5 	| 000006ec |00000000 	|00000000 	|00000000 	| 
  4.5 	| 000006f0 |00000000 	|00000000 	|00000000 	| 
  4.5 	| 000006f4 |00000000 	|00000000 	|00000000 	| 
  4.5 	| 000006f8 |00000000 	|00000000 	|00000000 	| 
  4.5 	| 000006fc |00000000 	|00000000 	|00000000 	| 
  4.5 	| 00000700 |00000000 	|00000000 	|00000000 	| 
  4.5 	| 00000704 |00000000 	|00000000 	|00000000 	| 
  4.5 	| 00000708 |00000000 	|00000000 	|00000000 	| 
  4.5 	| 0000070c |00000000 	|00000000 	|00000000 	| 
  4.6 	| 00000710 |00000000 	|00000000 	|00000000 	| 
  4.6 	| 00000714 |00000000 	|00000000 	|00000000 	| 
  4.6 	| 00000718 |00000000 	|00000000 	|00000000 	| 
  4.6 	| 0000071c |00000000 	|00000000 	|00000000 	| 
  4.6 	| 00000720 |00000000 	|00000000 	|00000000 	| 
  4.6 	| 00000724 |00000000 	|00000000 	|00000000 	| 
  4.6 	| 00000728 |00000000 	|00000000 	|00000000 	| 
  4.6 	| 0000072c |00000000 	|00000000 	|00000000 	| 
  4.6 	| 00000730 |00000000 	|00000000 	|00000000 	| 
  4.7 	| 00000734 |00000000 	|00000000 	|00000000 	| 
  4.7 	| 00000738 |00000000 	|00000000 	|00000000 	| 
  4.7 	| 0000073c |00000000 	|00000000 	|00000000 	| 
  4.7 	| 00000740 |00000000 	|00000000 	|00000000 	| 
  4.7 	| 00000744 |00000000 	|00000000 	|00000000 	| 
  4.7 	| 00000748 |00000000 	|00000000 	|00000000 	| 
  4.7 	| 0000074c |00000000 	|00000000 	|00000000 	| 
  4.7 	| 00000750 |00000000 	|00000000 	|00000000 	| 
  4.7 	| 00000754 |00000000 	|00000000 	|00000000 	| 
  4.7 	| 00000758 |00000000 	|00000000 	|00000000 	| 
  4.8 	| 0000075c |00000000 	|00000000 	|00000000 	| 
  4.8 	| 00000760 |00000000 	|00000000 	|00000000 	| 
  4.8 	| 00000764 |00000000 	|00000000 	|00000000 	| 
  4.8 	| 00000768 |00000000 	|00000000 	|00000000 	| 
  4.8 	| 0000076c |00000000 	|00000000 	|00000000 	| 
  4.8 	| 00000770 |00000000 	|00000000 	|00000000 	| 
  4.8 	| 00000774 |00000000 	|00000000 	|00000000 	| 
  4.8 	| 00000778 |00000000 	|00000000 	|00000000 	| 
  4.8 	| 0000077c |00000000 	|00000000 	|00000000 	| 
  4.8 	| 00000780 |00000000 	|00000000 	|00000000 	| 
  4.8 	| 00000784 |00000000 	|00000000 	|00000000 	| 
  4.9 	| 00000788 |00000000 	|00000000 	|00000000 	| 
  4.9 	| 0000078c |00000000 	|00000000 	|00000000 	| 
  4.9 	| 00000790 |00000000 	|00000000 	|00000000 	| 
  4.9 	| 00000794 |00000000 	|00000000 	|00000000 	| 
  4.9 	| 00000798 |00000000 	|00000000 	|00000000 	| 
  4.9 	| 0000079c |00000000 	|00000000 	|00000000 	| 
  4.9 	| 000007a0 |00000000 	|00000000 	|00000000 	| 
  4.9 	| 000007a4 |00000000 	|00000000 	|00000000 	| 
  4.9 	| 000007a8 |00000000 	|00000000 	|00000000 	| 
  5.0 	| 000007ac |00000000 	|00000000 	|00000000 	| 
  5.0 	| 000007b0 |00000000 	|00000000 	|00000000 	| 
  5.0 	| 000007b4 |00000000 	|00000000 	|00000000 	| 
  5.0 	| 000007b8 |00000000 	|00000000 	|00000000 	| 
  5.0 	| 000007bc |00000000 	|00000000 	|00000000 	| 
  5.0 	| 000007c0 |00000000 	|00000000 	|00000000 	| 
  5.0 	| 000007c4 |00000000 	|00000000 	|00000000 	| 
  5.0 	| 000007c8 |00000000 	|00000000 	|00000000 	| 
  5.0 	| 000007cc |00000000 	|00000000 	|00000000 	| 
  5.0 	| 000007d0 |00000000 	|00000000 	|00000000 	| 
  5.0 	| 000007d4 |00000000 	|00000000 	|00000000 	| 
  5.1 	| 000007d8 |00000000 	|00000000 	|00000000 	| 
  5.1 	| 000007dc |00000000 	|00000000 	|00000000 	| 
  5.1 	| 000007e0 |00000000 	|00000000 	|00000000 	| 
  5.1 	| 000007e4 |00000000 	|00000000 	|00000000 	| 
  5.1 	| 000007e8 |00000000 	|00000000 	|00000000 	| 
  5.1 	| 000007ec |00000000 	|00000000 	|00000000 	| 
  5.1 	| 000007f0 |00000000 	|00000000 	|00000000 	| 
  5.1 	| 000007f4 |00000000 	|00000000 	|00000000 	| 
  5.1 	| 000007f8 |00000000 	|00000000 	|00000000 	| 
  5.2 	| 000007fc |00000000 	|00000000 	|00000000 	| 
  5.2 	| 00000800 |00000000 	|00000000 	|00000000 	| 
  5.2 	| 00000804 |00000000 	|00000000 	|00000000 	| 
  5.2 	| 00000808 |00000000 	|00000000 	|00000000 	| 
  5.2 	| 0000080c |00000000 	|00000000 	|00000000 	| 
  5.2 	| 00000810 |00000000 	|00000000 	|00000000 	| 
  5.2 	| 00000814 |00000000 	|00000000 	|00000000 	| 
  5.2 	| 00000818 |00000000 	|00000000 	|00000000 	| 
  5.2 	| 0000081c |00000000 	|00000000 	|00000000 	| 
  5.2 	| 00000820 |00000000 	|00000000 	|00000000 	| 
  5.3 	| 00000824 |00000000 	|00000000 	|00000000 	| 
  5.3 	| 00000828 |00000000 	|00000000 	|00000000 	| 
  5.3 	| 0000082c |00000000 	|00000000 	|00000000 	| 
  5.3 	| 00000830 |00000000 	|00000000 	|00000000 	| 
  5.3 	| 00000834 |00000000 	|00000000 	|00000000 	| 
  5.3 	| 00000838 |00000000 	|00000000 	|00000000 	| 
  5.3 	| 0000083c |00000000 	|00000000 	|00000000 	| 
  5.3 	| 00000840 |00000000 	|00000000 	|00000000 	| 
  5.3 	| 00000844 |00000000 	|00000000 	|00000000 	| 
  5.3 	| 00000848 |00000000 	|00000000 	|00000000 	| 
  5.3 	| 0000084c |00000000 	|00000000 	|00000000 	| 
  5.4 	| 00000850 |00000000 	|00000000 	|00000000 	| 
  5.4 	| 00000854 |00000000 	|00000000 	|00000000 	| 
  5.4 	| 00000858 |00000000 	|00000000 	|00000000 	| 
  5.4 	| 0000085c |00000000 	|00000000 	|00000000 	| 
  5.4 	| 00000860 |00000000 	|00000000 	|00000000 	| 
  5.4 	| 00000864 |00000000 	|00000000 	|00000000 	| 
  5.4 	| 00000868 |00000000 	|00000000 	|00000000 	| 
  5.4 	| 0000086c |00000000 	|00000000 	|00000000 	| 
  5.4 	| 00000870 |00000000 	|00000000 	|00000000 	| 
  5.5 	| 00000874 |00000000 	|00000000 	|00000000 	| 
  5.5 	| 00000878 |00000000 	|00000000 	|00000000 	| 
  5.5 	| 0000087c |00000000 	|00000000 	|00000000 	| 
  5.5 	| 00000880 |00000000 	|00000000 	|00000000 	| 
  5.5 	| 00000884 |00000000 	|00000000 	|00000000 	| 
  5.5 	| 00000888 |00000000 	|00000000 	|00000000 	| 
  5.5 	| 0000088c |00000000 	|00000000 	|00000000 	| 
  5.5 	| 00000890 |00000000 	|00000000 	|00000000 	| 
  5.5 	| 00000894 |00000000 	|00000000 	|00000000 	| 
  5.5 	| 00000898 |00000000 	|00000000 	|00000000 	| 
  5.5 	| 0000089c |00000000 	|00000000 	|00000000 	| 
  5.6 	| 000008a0 |00000000 	|00000000 	|00000000 	| 
  5.6 	| 000008a4 |00000000 	|00000000 	|00000000 	| 
  5.6 	| 000008a8 |00000000 	|00000000 	|00000000 	| 
  5.6 	| 000008ac |00000000 	|00000000 	|00000000 	| 
  5.6 	| 000008b0 |00000000 	|00000000 	|00000000 	| 
  5.6 	| 000008b4 |00000000 	|00000000 	|00000000 	| 
  5.6 	| 000008b8 |00000000 	|00000000 	|00000000 	| 
  5.6 	| 000008bc |00000000 	|00000000 	|00000000 	| 
  5.6 	| 000008c0 |00000000 	|00000000 	|00000000 	| 
  5.7 	| 000008c4 |00000000 	|00000000 	|00000000 	| 
  5.7 	| 000008c8 |00000000 	|00000000 	|00000000 	| 
  5.7 	| 000008cc |00000000 	|00000000 	|00000000 	| 
  5.7 	| 000008d0 |00000000 	|00000000 	|00000000 	| 
  5.7 	| 000008d4 |00000000 	|00000000 	|00000000 	| 
  5.7 	| 000008d8 |00000000 	|00000000 	|00000000 	| 
  5.7 	| 000008dc |00000000 	|00000000 	|00000000 	| 
  5.7 	| 000008e0 |00000000 	|00000000 	|00000000 	| 
  5.7 	| 000008e4 |00000000 	|00000000 	|00000000 	| 
  5.7 	| 000008e8 |00000000 	|00000000 	|00000000 	| 
  5.8 	| 000008ec |00000000 	|00000000 	|00000000 	| 
  5.8 	| 000008f0 |00000000 	|00000000 	|00000000 	| 
  5.8 	| 000008f4 |00000000 	|00000000 	|00000000 	| 
  5.8 	| 000008f8 |00000000 	|00000000 	|00000000 	| 
  5.8 	| 000008fc |00000000 	|00000000 	|00000000 	| 
  5.8 	| 00000900 |00000000 	|00000000 	|00000000 	| 
  5.8 	| 00000904 |00000000 	|00000000 	|00000000 	| 
  5.8 	| 00000908 |00000000 	|00000000 	|00000000 	| 
  5.8 	| 0000090c |00000000 	|00000000 	|00000000 	| 
  5.8 	| 00000910 |00000000 	|00000000 	|00000000 	| 
  5.8 	| 00000914 |00000000 	|00000000 	|00000000 	| 
  5.9 	| 00000918 |00000000 	|00000000 	|00000000 	| 
  5.9 	| 0000091c |00000000 	|00000000 	|00000000 	| 
  5.9 	| 00000920 |00000000 	|00000000 	|00000000 	| 
  5.9 	| 00000924 |00000000 	|00000000 	|00000000 	| 
  5.9 	| 00000928 |00000000 	|00000000 	|00000000 	| 
  5.9 	| 0000092c |00000000 	|00000000 	|00000000 	| 
  5.9 	| 00000930 |00000000 	|00000000 	|00000000 	| 
  5.9 	| 00000934 |00000000 	|00000000 	|00000000 	| 
  5.9 	| 00000938 |00000000 	|00000000 	|00000000 	| 
  6.0 	| 0000093c |00000000 	|00000000 	|00000000 	| 
  6.0 	| 00000940 |00000000 	|00000000 	|00000000 	| 
  6.0 	| 00000944 |00000000 	|00000000 	|00000000 	| 
  6.0 	| 00000948 |00000000 	|00000000 	|00000000 	| 
  6.0 	| 0000094c |00000000 	|00000000 	|00000000 	| 
  6.0 	| 00000950 |00000000 	|00000000 	|00000000 	| 
  6.0 	| 00000954 |00000000 	|00000000 	|00000000 	| 
  6.0 	| 00000958 |00000000 	|00000000 	|00000000 	| 
  6.0 	| 0000095c |00000000 	|00000000 	|00000000 	| 
  6.0 	| 00000960 |00000000 	|00000000 	|00000000 	| 
  6.0 	| 00000964 |00000000 	|00000000 	|00000000 	| 
  6.1 	| 00000968 |00000000 	|00000000 	|00000000 	| 
  6.1 	| 0000096c |00000000 	|00000000 	|00000000 	| 
  6.1 	| 00000970 |00000000 	|00000000 	|00000000 	| 
  6.1 	| 00000974 |00000000 	|00000000 	|00000000 	| 
  6.1 	| 00000978 |00000000 	|00000000 	|00000000 	| 
  6.1 	| 0000097c |00000000 	|00000000 	|00000000 	| 
  6.1 	| 00000980 |00000000 	|00000000 	|00000000 	| 
  6.1 	| 00000984 |00000000 	|00000000 	|00000000 	| 
  6.1 	| 00000988 |00000000 	|00000000 	|00000000 	| 
  6.2 	| 0000098c |00000000 	|00000000 	|00000000 	| 
  6.2 	| 00000990 |00000000 	|00000000 	|00000000 	| 
  6.2 	| 00000994 |00000000 	|00000000 	|00000000 	| 
  6.2 	| 00000998 |00000000 	|00000000 	|00000000 	| 
  6.2 	| 0000099c |00000000 	|00000000 	|00000000 	| 
  6.2 	| 000009a0 |00000000 	|00000000 	|00000000 	| 
  6.2 	| 000009a4 |00000000 	|00000000 	|00000000 	| 
  6.2 	| 000009a8 |00000000 	|00000000 	|00000000 	| 
  6.2 	| 000009ac |00000000 	|00000000 	|00000000 	| 
  6.2 	| 000009b0 |00000000 	|00000000 	|00000000 	| 
  6.3 	| 000009b4 |00000000 	|00000000 	|00000000 	| 
  6.3 	| 000009b8 |00000000 	|00000000 	|00000000 	| 
  6.3 	| 000009bc |00000000 	|00000000 	|00000000 	| 
  6.3 	| 000009c0 |00000000 	|00000000 	|00000000 	| 
  6.3 	| 000009c4 |00000000 	|00000000 	|00000000 	| 
  6.3 	| 000009c8 |00000000 	|00000000 	|00000000 	| 
  6.3 	| 000009cc |00000000 	|00000000 	|00000000 	| 
  6.3 	| 000009d0 |00000000 	|00000000 	|00000000 	| 
  6.3 	| 000009d4 |00000000 	|00000000 	|00000000 	| 
  6.3 	| 000009d8 |00000000 	|00000000 	|00000000 	| 
  6.3 	| 000009dc |00000000 	|00000000 	|00000000 	| 
  6.4 	| 000009e0 |00000000 	|00000000 	|00000000 	| 
  6.4 	| 000009e4 |00000000 	|00000000 	|00000000 	| 
  6.4 	| 000009e8 |00000000 	|00000000 	|00000000 	| 
  6.4 	| 000009ec |00000000 	|00000000 	|00000000 	| 
  6.4 	| 000009f0 |00000000 	|00000000 	|00000000 	| 
  6.4 	| 000009f4 |00000000 	|00000000 	|00000000 	| 
  6.4 	| 000009f8 |00000000 	|00000000 	|00000000 	| 
  6.4 	| 000009fc |00000000 	|00000000 	|00000000 	| 
  6.4 	| 00000a00 |00000000 	|00000000 	|00000000 	| 
  6.5 	| 00000a04 |00000000 	|00000000 	|00000000 	| 
  6.5 	| 00000a08 |00000000 	|00000000 	|00000000 	| 
  6.5 	| 00000a0c |00000000 	|00000000 	|00000000 	| 
  6.5 	| 00000a10 |00000000 	|00000000 	|00000000 	| 
  6.5 	| 00000a14 |00000000 	|00000000 	|00000000 	| 
  6.5 	| 00000a18 |00000000 	|00000000 	|00000000 	| 
  6.5 	| 00000a1c |00000000 	|00000000 	|00000000 	| 
  6.5 	| 00000a20 |00000000 	|00000000 	|00000000 	| 
  6.5 	| 00000a24 |00000000 	|00000000 	|00000000 	| 
  6.5 	| 00000a28 |00000000 	|00000000 	|00000000 	| 
  6.5 	| 00000a2c |00000000 	|00000000 	|00000000 	| 
  6.6 	| 00000a30 |00000000 	|00000000 	|00000000 	| 
  6.6 	| 00000a34 |00000000 	|00000000 	|00000000 	| 
  6.6 	| 00000a38 |00000000 	|00000000 	|00000000 	| 
  6.6 	| 00000a3c |00000000 	|00000000 	|00000000 	| 
  6.6 	| 00000a40 |00000000 	|00000000 	|00000000 	| 
  6.6 	| 00000a44 |00000000 	|00000000 	|00000000 	| 
  6.6 	| 00000a48 |00000000 	|00000000 	|00000000 	| 
  6.6 	| 00000a4c |00000000 	|00000000 	|00000000 	| 
  6.6 	| 00000a50 |00000000 	|00000000 	|00000000 	| 
  6.7 	| 00000a54 |00000000 	|00000000 	|00000000 	| 
  6.7 	| 00000a58 |00000000 	|00000000 	|00000000 	| 
  6.7 	| 00000a5c |00000000 	|00000000 	|00000000 	| 
  6.7 	| 00000a60 |00000000 	|00000000 	|00000000 	| 
  6.7 	| 00000a64 |00000000 	|00000000 	|00000000 	| 
  6.7 	| 00000a68 |00000000 	|00000000 	|00000000 	| 
  6.7 	| 00000a6c |00000000 	|00000000 	|00000000 	| 
  6.7 	| 00000a70 |00000000 	|00000000 	|00000000 	| 
  6.7 	| 00000a74 |00000000 	|00000000 	|00000000 	| 
  6.7 	| 00000a78 |00000000 	|00000000 	|00000000 	| 
  6.8 	| 00000a7c |00000000 	|00000000 	|00000000 	| 
  6.8 	| 00000a80 |00000000 	|00000000 	|00000000 	| 
  6.8 	| 00000a84 |00000000 	|00000000 	|00000000 	| 
  6.8 	| 00000a88 |00000000 	|00000000 	|00000000 	| 
  6.8 	| 00000a8c |00000000 	|00000000 	|00000000 	| 
  6.8 	| 00000a90 |00000000 	|00000000 	|00000000 	| 
  6.8 	| 00000a94 |00000000 	|00000000 	|00000000 	| 
  6.8 	| 00000a98 |00000000 	|00000000 	|00000000 	| 
  6.8 	| 00000a9c |00000000 	|00000000 	|00000000 	| 
  6.8 	| 00000aa0 |00000000 	|00000000 	|00000000 	| 
  6.8 	| 00000aa4 |00000000 	|00000000 	|00000000 	| 
  6.9 	| 00000aa8 |00000000 	|00000000 	|00000000 	| 
  6.9 	| 00000aac |00000000 	|00000000 	|00000000 	| 
  6.9 	| 00000ab0 |00000000 	|00000000 	|00000000 	| 
  6.9 	| 00000ab4 |00000000 	|00000000 	|00000000 	| 
  6.9 	| 00000ab8 |00000000 	|00000000 	|00000000 	| 
  6.9 	| 00000abc |00000000 	|00000000 	|00000000 	| 
  6.9 	| 00000ac0 |00000000 	|00000000 	|00000000 	| 
  6.9 	| 00000ac4 |00000000 	|00000000 	|00000000 	| 
  6.9 	| 00000ac8 |00000000 	|00000000 	|00000000 	| 
  7.0 	| 00000acc |00000000 	|00000000 	|00000000 	| 
  7.0 	| 00000ad0 |00000000 	|00000000 	|00000000 	| 
  7.0 	| 00000ad4 |00000000 	|00000000 	|00000000 	| 
  7.0 	| 00000ad8 |00000000 	|00000000 	|00000000 	| 
  7.0 	| 00000adc |00000000 	|00000000 	|00000000 	| 
  7.0 	| 00000ae0 |00000000 	|00000000 	|00000000 	| 
  7.0 	| 00000ae4 |00000000 	|00000000 	|00000000 	| 
  7.0 	| 00000ae8 |00000000 	|00000000 	|00000000 	| 
  7.0 	| 00000aec |00000000 	|00000000 	|00000000 	| 
  7.0 	| 00000af0 |00000000 	|00000000 	|00000000 	| 
  7.0 	| 00000af4 |00000000 	|00000000 	|00000000 	| 
  7.1 	| 00000af8 |00000000 	|00000000 	|00000000 	| 
  7.1 	| 00000afc |00000000 	|00000000 	|00000000 	| 
  7.1 	| 00000b00 |00000000 	|00000000 	|00000000 	| 
  7.1 	| 00000b04 |00000000 	|00000000 	|00000000 	| 
  7.1 	| 00000b08 |00000000 	|00000000 	|00000000 	| 
  7.1 	| 00000b0c |00000000 	|00000000 	|00000000 	| 
  7.1 	| 00000b10 |00000000 	|00000000 	|00000000 	| 
  7.1 	| 00000b14 |00000000 	|00000000 	|00000000 	| 
  7.1 	| 00000b18 |00000000 	|00000000 	|00000000 	| 
  7.2 	| 00000b1c |00000000 	|00000000 	|00000000 	| 
  7.2 	| 00000b20 |00000000 	|00000000 	|00000000 	| 
  7.2 	| 00000b24 |00000000 	|00000000 	|00000000 	| 
  7.2 	| 00000b28 |00000000 	|00000000 	|00000000 	| 
  7.2 	| 00000b2c |00000000 	|00000000 	|00000000 	| 
  7.2 	| 00000b30 |00000000 	|00000000 	|00000000 	| 
  7.2 	| 00000b34 |00000000 	|00000000 	|00000000 	| 
  7.2 	| 00000b38 |00000000 	|00000000 	|00000000 	| 
  7.2 	| 00000b3c |00000000 	|00000000 	|00000000 	| 
  7.2 	| 00000b40 |00000000 	|00000000 	|00000000 	| 
  7.3 	| 00000b44 |00000000 	|00000000 	|00000000 	| 
  7.3 	| 00000b48 |00000000 	|00000000 	|00000000 	| 
  7.3 	| 00000b4c |00000000 	|00000000 	|00000000 	| 
  7.3 	| 00000b50 |00000000 	|00000000 	|00000000 	| 
  7.3 	| 00000b54 |00000000 	|00000000 	|00000000 	| 
  7.3 	| 00000b58 |00000000 	|00000000 	|00000000 	| 
  7.3 	| 00000b5c |00000000 	|00000000 	|00000000 	| 
  7.3 	| 00000b60 |00000000 	|00000000 	|00000000 	| 
  7.3 	| 00000b64 |00000000 	|00000000 	|00000000 	| 
  7.3 	| 00000b68 |00000000 	|00000000 	|00000000 	| 
  7.3 	| 00000b6c |00000000 	|00000000 	|00000000 	| 
  7.4 	| 00000b70 |00000000 	|00000000 	|00000000 	| 
  7.4 	| 00000b74 |00000000 	|00000000 	|00000000 	| 
  7.4 	| 00000b78 |00000000 	|00000000 	|00000000 	| 
  7.4 	| 00000b7c |00000000 	|00000000 	|00000000 	| 
  7.4 	| 00000b80 |00000000 	|00000000 	|00000000 	| 
  7.4 	| 00000b84 |00000000 	|00000000 	|00000000 	| 
  7.4 	| 00000b88 |00000000 	|00000000 	|00000000 	| 
  7.4 	| 00000b8c |00000000 	|00000000 	|00000000 	| 
  7.4 	| 00000b90 |00000000 	|00000000 	|00000000 	| 
  7.5 	| 00000b94 |00000000 	|00000000 	|00000000 	| 
  7.5 	| 00000b98 |00000000 	|00000000 	|00000000 	| 
  7.5 	| 00000b9c |00000000 	|00000000 	|00000000 	| 
  7.5 	| 00000ba0 |00000000 	|00000000 	|00000000 	| 
  7.5 	| 00000ba4 |00000000 	|00000000 	|00000000 	| 
  7.5 	| 00000ba8 |00000000 	|00000000 	|00000000 	| 
  7.5 	| 00000bac |00000000 	|00000000 	|00000000 	| 
  7.5 	| 00000bb0 |00000000 	|00000000 	|00000000 	| 
  7.5 	| 00000bb4 |00000000 	|00000000 	|00000000 	| 
  7.5 	| 00000bb8 |00000000 	|00000000 	|00000000 	| 
  7.5 	| 00000bbc |00000000 	|00000000 	|00000000 	| 
  7.6 	| 00000bc0 |00000000 	|00000000 	|00000000 	| 
  7.6 	| 00000bc4 |00000000 	|00000000 	|00000000 	| 
  7.6 	| 00000bc8 |00000000 	|00000000 	|00000000 	| 
  7.6 	| 00000bcc |00000000 	|00000000 	|00000000 	| 
  7.6 	| 00000bd0 |00000000 	|00000000 	|00000000 	| 
  7.6 	| 00000bd4 |00000000 	|00000000 	|00000000 	| 
  7.6 	| 00000bd8 |00000000 	|00000000 	|00000000 	| 
  7.6 	| 00000bdc |00000000 	|00000000 	|00000000 	| 
  7.6 	| 00000be0 |00000000 	|00000000 	|00000000 	| 
  7.7 	| 00000be4 |00000000 	|00000000 	|00000000 	| 
  7.7 	| 00000be8 |00000000 	|00000000 	|00000000 	| 
  7.7 	| 00000bec |00000000 	|00000000 	|00000000 	| 
  7.7 	| 00000bf0 |00000000 	|00000000 	|00000000 	| 
  7.7 	| 00000bf4 |00000000 	|00000000 	|00000000 	| 
  7.7 	| 00000bf8 |00000000 	|00000000 	|00000000 	| 
  7.7 	| 00000bfc |00000000 	|00000000 	|00000000 	| 
  7.7 	| 00000c00 |00000000 	|00000000 	|00000000 	| 
  7.7 	| 00000c04 |00000000 	|00000000 	|00000000 	| 
  7.7 	| 00000c08 |00000000 	|00000000 	|00000000 	| 
  7.8 	| 00000c0c |00000000 	|00000000 	|00000000 	| 
  7.8 	| 00000c10 |00000000 	|00000000 	|00000000 	| 
  7.8 	| 00000c14 |00000000 	|00000000 	|00000000 	| 
  7.8 	| 00000c18 |00000000 	|00000000 	|00000000 	| 
  7.8 	| 00000c1c |00000000 	|00000000 	|00000000 	| 
  7.8 	| 00000c20 |00000000 	|00000000 	|00000000 	| 
  7.8 	| 00000c24 |00000000 	|00000000 	|00000000 	| 
  7.8 	| 00000c28 |00000000 	|00000000 	|00000000 	| 
  7.8 	| 00000c2c |00000000 	|00000000 	|00000000 	| 
  7.8 	| 00000c30 |00000000 	|00000000 	|00000000 	| 
  7.8 	| 00000c34 |00000000 	|00000000 	|00000000 	| 
  7.9 	| 00000c38 |00000000 	|00000000 	|00000000 	| 
  7.9 	| 00000c3c |00000000 	|00000000 	|00000000 	| 
  7.9 	| 00000c40 |00000000 	|00000000 	|00000000 	| 
  7.9 	| 00000c44 |00000000 	|00000000 	|00000000 	| 
  7.9 	| 00000c48 |00000000 	|00000000 	|00000000 	| 
  7.9 	| 00000c4c |00000000 	|00000000 	|00000000 	| 
  7.9 	| 00000c50 |00000000 	|00000000 	|00000000 	| 
  7.9 	| 00000c54 |00000000 	|00000000 	|00000000 	| 
  7.9 	| 00000c58 |00000000 	|00000000 	|00000000 	| 
  8.0 	| 00000c5c |00000000 	|00000000 	|00000000 	| 
  8.0 	| 00000c60 |00000000 	|00000000 	|00000000 	| 
  8.0 	| 00000c64 |00000000 	|00000000 	|00000000 	| 
  8.0 	| 00000c68 |00000000 	|00000000 	|00000000 	| 
  8.0 	| 00000c6c |00000000 	|00000000 	|00000000 	| 
  8.0 	| 00000c70 |00000000 	|00000000 	|00000000 	| 
  8.0 	| 00000c74 |00000000 	|00000000 	|00000000 	| 
  8.0 	| 00000c78 |00000000 	|00000000 	|00000000 	| 
  8.0 	| 00000c7c |00000000 	|00000000 	|00000000 	| 
  8.0 	| 00000c80 |00000000 	|00000000 	|00000000 	| 
  8.1 	| 00000c84 |00000000 	|00000000 	|00000000 	| 
  8.1 	| 00000c88 |00000000 	|00000000 	|00000000 	| 
  8.1 	| 00000c8c |00000000 	|00000000 	|00000000 	| 
  8.1 	| 00000c90 |00000000 	|00000000 	|00000000 	| 
  8.1 	| 00000c94 |00000000 	|00000000 	|00000000 	| 
  8.1 	| 00000c98 |00000000 	|00000000 	|00000000 	| 
  8.1 	| 00000c9c |00000000 	|00000000 	|00000000 	| 
  8.1 	| 00000ca0 |00000000 	|00000000 	|00000000 	| 
  8.1 	| 00000ca4 |00000000 	|00000000 	|00000000 	| 
  8.1 	| 00000ca8 |00000000 	|00000000 	|00000000 	| 
  8.2 	| 00000cac |00000000 	|00000000 	|00000000 	| 
  8.2 	| 00000cb0 |00000000 	|00000000 	|00000000 	| 
  8.2 	| 00000cb4 |00000000 	|00000000 	|00000000 	| 
  8.2 	| 00000cb8 |00000000 	|00000000 	|00000000 	| 
  8.2 	| 00000cbc |00000000 	|00000000 	|00000000 	| 
  8.2 	| 00000cc0 |00000000 	|00000000 	|00000000 	| 
  8.2 	| 00000cc4 |00000000 	|00000000 	|00000000 	| 
  8.2 	| 00000cc8 |00000000 	|00000000 	|00000000 	| 
  8.2 	| 00000ccc |00000000 	|00000000 	|00000000 	| 
  8.2 	| 00000cd0 |00000000 	|00000000 	|00000000 	| 
  8.3 	| 00000cd4 |00000000 	|00000000 	|00000000 	| 
  8.3 	| 00000cd8 |00000000 	|00000000 	|00000000 	| 
  8.3 	| 00000cdc |00000000 	|00000000 	|00000000 	| 
  8.3 	| 00000ce0 |00000000 	|00000000 	|00000000 	| 
  8.3 	| 00000ce4 |00000000 	|00000000 	|00000000 	| 
  8.3 	| 00000ce8 |00000000 	|00000000 	|00000000 	| 
  8.3 	| 00000cec |00000000 	|00000000 	|00000000 	| 
  8.3 	| 00000cf0 |00000000 	|00000000 	|00000000 	| 
  8.3 	| 00000cf4 |00000000 	|00000000 	|00000000 	| 
  8.3 	| 00000cf8 |00000000 	|00000000 	|00000000 	| 
  8.3 	| 00000cfc |00000000 	|00000000 	|00000000 	| 
  8.4 	| 00000d00 |00000000 	|00000000 	|00000000 	| 
  8.4 	| 00000d04 |00000000 	|00000000 	|00000000 	| 
  8.4 	| 00000d08 |00000000 	|00000000 	|00000000 	| 
  8.4 	| 00000d0c |00000000 	|00000000 	|00000000 	| 
  8.4 	| 00000d10 |00000000 	|00000000 	|00000000 	| 
  8.4 	| 00000d14 |00000000 	|00000000 	|00000000 	| 
  8.4 	| 00000d18 |00000000 	|00000000 	|00000000 	| 
  8.4 	| 00000d1c |00000000 	|00000000 	|00000000 	| 
  8.4 	| 00000d20 |00000000 	|00000000 	|00000000 	| 
  8.4 	| 00000d24 |00000000 	|00000000 	|00000000 	| 
  8.5 	| 00000d28 |00000000 	|00000000 	|00000000 	| 
  8.5 	| 00000d2c |00000000 	|00000000 	|00000000 	| 
  8.5 	| 00000d30 |00000000 	|00000000 	|00000000 	| 
  8.5 	| 00000d34 |00000000 	|00000000 	|00000000 	| 
  8.5 	| 00000d38 |00000000 	|00000000 	|00000000 	| 
  8.5 	| 00000d3c |00000000 	|00000000 	|00000000 	| 
  8.5 	| 00000d40 |00000000 	|00000000 	|00000000 	| 
  8.5 	| 00000d44 |00000000 	|00000000 	|00000000 	| 
  8.5 	| 00000d48 |00000000 	|00000000 	|00000000 	| 
  8.6 	| 00000d4c |00000000 	|00000000 	|00000000 	| 
  8.6 	| 00000d50 |00000000 	|00000000 	|00000000 	| 
  8.6 	| 00000d54 |00000000 	|00000000 	|00000000 	| 
  8.6 	| 00000d58 |00000000 	|00000000 	|00000000 	| 
  8.6 	| 00000d5c |00000000 	|00000000 	|00000000 	| 
  8.6 	| 00000d60 |00000000 	|00000000 	|00000000 	| 
  8.6 	| 00000d64 |00000000 	|00000000 	|00000000 	| 
  8.6 	| 00000d68 |00000000 	|00000000 	|00000000 	| 
  8.6 	| 00000d6c |00000000 	|00000000 	|00000000 	| 
  8.6 	| 00000d70 |00000000 	|00000000 	|00000000 	| 
  8.7 	| 00000d74 |00000000 	|00000000 	|00000000 	| 
  8.7 	| 00000d78 |00000000 	|00000000 	|00000000 	| 
  8.7 	| 00000d7c |00000000 	|00000000 	|00000000 	| 
  8.7 	| 00000d80 |00000000 	|00000000 	|00000000 	| 
  8.7 	| 00000d84 |00000000 	|00000000 	|00000000 	| 
  8.7 	| 00000d88 |00000000 	|00000000 	|00000000 	| 
  8.7 	| 00000d8c |00000000 	|00000000 	|00000000 	| 
  8.7 	| 00000d90 |00000000 	|00000000 	|00000000 	| 
  8.7 	| 00000d94 |00000000 	|00000000 	|00000000 	| 
  8.7 	| 00000d98 |00000000 	|00000000 	|00000000 	| 
  8.8 	| 00000d9c |00000000 	|00000000 	|00000000 	| 
  8.8 	| 00000da0 |00000000 	|00000000 	|00000000 	| 
  8.8 	| 00000da4 |00000000 	|00000000 	|00000000 	| 
  8.8 	| 00000da8 |00000000 	|00000000 	|00000000 	| 
  8.8 	| 00000dac |00000000 	|00000000 	|00000000 	| 
  8.8 	| 00000db0 |00000000 	|00000000 	|00000000 	| 
  8.8 	| 00000db4 |00000000 	|00000000 	|00000000 	| 
  8.8 	| 00000db8 |00000000 	|00000000 	|00000000 	| 
  8.8 	| 00000dbc |00000000 	|00000000 	|00000000 	| 
  8.8 	| 00000dc0 |00000000 	|00000000 	|00000000 	| 
  8.8 	| 00000dc4 |00000000 	|00000000 	|00000000 	| 
  8.9 	| 00000dc8 |00000000 	|00000000 	|00000000 	| 
  8.9 	| 00000dcc |00000000 	|00000000 	|00000000 	| 
  8.9 	| 00000dd0 |00000000 	|00000000 	|00000000 	| 
  8.9 	| 00000dd4 |00000000 	|00000000 	|00000000 	| 
  8.9 	| 00000dd8 |00000000 	|00000000 	|00000000 	| 
  8.9 	| 00000ddc |00000000 	|00000000 	|00000000 	| 
  8.9 	| 00000de0 |00000000 	|00000000 	|00000000 	| 
  8.9 	| 00000de4 |00000000 	|00000000 	|00000000 	| 
  8.9 	| 00000de8 |00000000 	|00000000 	|00000000 	| 
  8.9 	| 00000dec |00000000 	|00000000 	|00000000 	| 
  9.0 	| 00000df0 |00000000 	|00000000 	|00000000 	| 
  9.0 	| 00000df4 |00000000 	|00000000 	|00000000 	| 
  9.0 	| 00000df8 |00000000 	|00000000 	|00000000 	| 
  9.0 	| 00000dfc |00000000 	|00000000 	|00000000 	| 
  9.0 	| 00000e00 |00000000 	|00000000 	|00000000 	| 
  9.0 	| 00000e04 |00000000 	|00000000 	|00000000 	| 
  9.0 	| 00000e08 |00000000 	|00000000 	|00000000 	| 
  9.0 	| 00000e0c |00000000 	|00000000 	|00000000 	| 
  9.0 	| 00000e10 |00000000 	|00000000 	|00000000 	| 
  9.1 	| 00000e14 |00000000 	|00000000 	|00000000 	| 
  9.1 	| 00000e18 |00000000 	|00000000 	|00000000 	| 
  9.1 	| 00000e1c |00000000 	|00000000 	|00000000 	| 
  9.1 	| 00000e20 |00000000 	|00000000 	|00000000 	| 
  9.1 	| 00000e24 |00000000 	|00000000 	|00000000 	| 
  9.1 	| 00000e28 |00000000 	|00000000 	|00000000 	| 
  9.1 	| 00000e2c |00000000 	|00000000 	|00000000 	| 
  9.1 	| 00000e30 |00000000 	|00000000 	|00000000 	| 
  9.1 	| 00000e34 |00000000 	|00000000 	|00000000 	| 
  9.1 	| 00000e38 |00000000 	|00000000 	|00000000 	| 
  9.2 	| 00000e3c |00000000 	|00000000 	|00000000 	| 
  9.2 	| 00000e40 |00000000 	|00000000 	|00000000 	| 
  9.2 	| 00000e44 |00000000 	|00000000 	|00000000 	| 
  9.2 	| 00000e48 |00000000 	|00000000 	|00000000 	| 
  9.2 	| 00000e4c |00000000 	|00000000 	|00000000 	| 
  9.2 	| 00000e50 |00000000 	|00000000 	|00000000 	| 
  9.2 	| 00000e54 |00000000 	|00000000 	|00000000 	| 
  9.2 	| 00000e58 |00000000 	|00000000 	|00000000 	| 
  9.2 	| 00000e5c |00000000 	|00000000 	|00000000 	| 
  9.2 	| 00000e60 |00000000 	|00000000 	|00000000 	| 
  9.3 	| 00000e64 |00000000 	|00000000 	|00000000 	| 
  9.3 	| 00000e68 |00000000 	|00000000 	|00000000 	| 
  9.3 	| 00000e6c |00000000 	|00000000 	|00000000 	| 
  9.3 	| 00000e70 |00000000 	|00000000 	|00000000 	| 
  9.3 	| 00000e74 |00000000 	|00000000 	|00000000 	| 
  9.3 	| 00000e78 |00000000 	|00000000 	|00000000 	| 
  9.3 	| 00000e7c |00000000 	|00000000 	|00000000 	| 
  9.3 	| 00000e80 |00000000 	|00000000 	|00000000 	| 
  9.3 	| 00000e84 |00000000 	|00000000 	|00000000 	| 
  9.3 	| 00000e88 |00000000 	|00000000 	|00000000 	| 
  9.3 	| 00000e8c |00000000 	|00000000 	|00000000 	| 
  9.4 	| 00000e90 |00000000 	|00000000 	|00000000 	| 
  9.4 	| 00000e94 |00000000 	|00000000 	|00000000 	| 
  9.4 	| 00000e98 |00000000 	|00000000 	|00000000 	| 
  9.4 	| 00000e9c |00000000 	|00000000 	|00000000 	| 
  9.4 	| 00000ea0 |00000000 	|00000000 	|00000000 	| 
  9.4 	| 00000ea4 |00000000 	|00000000 	|00000000 	| 
  9.4 	| 00000ea8 |00000000 	|00000000 	|00000000 	| 
  9.4 	| 00000eac |00000000 	|00000000 	|00000000 	| 
  9.4 	| 00000eb0 |00000000 	|00000000 	|00000000 	| 
  9.4 	| 00000eb4 |00000000 	|00000000 	|00000000 	| 
  9.5 	| 00000eb8 |00000000 	|00000000 	|00000000 	| 
  9.5 	| 00000ebc |00000000 	|00000000 	|00000000 	| 
  9.5 	| 00000ec0 |00000000 	|00000000 	|00000000 	| 
  9.5 	| 00000ec4 |00000000 	|00000000 	|00000000 	| 
  9.5 	| 00000ec8 |00000000 	|00000000 	|00000000 	| 
  9.5 	| 00000ecc |00000000 	|00000000 	|00000000 	| 
  9.5 	| 00000ed0 |00000000 	|00000000 	|00000000 	| 
  9.5 	| 00000ed4 |00000000 	|00000000 	|00000000 	| 
  9.5 	| 00000ed8 |00000000 	|00000000 	|00000000 	| 
  9.6 	| 00000edc |00000000 	|00000000 	|00000000 	| 
  9.6 	| 00000ee0 |00000000 	|00000000 	|00000000 	| 
  9.6 	| 00000ee4 |00000000 	|00000000 	|00000000 	| 
  9.6 	| 00000ee8 |00000000 	|00000000 	|00000000 	| 
  9.6 	| 00000eec |00000000 	|00000000 	|00000000 	| 
  9.6 	| 00000ef0 |00000000 	|00000000 	|00000000 	| 
  9.6 	| 00000ef4 |00000000 	|00000000 	|00000000 	| 
  9.6 	| 00000ef8 |00000000 	|00000000 	|00000000 	| 
  9.6 	| 00000efc |00000000 	|00000000 	|00000000 	| 
  9.6 	| 00000f00 |00000000 	|00000000 	|00000000 	| 
  9.7 	| 00000f04 |00000000 	|00000000 	|00000000 	| 
  9.7 	| 00000f08 |00000000 	|00000000 	|00000000 	| 
  9.7 	| 00000f0c |00000000 	|00000000 	|00000000 	| 
  9.7 	| 00000f10 |00000000 	|00000000 	|00000000 	| 
  9.7 	| 00000f14 |00000000 	|00000000 	|00000000 	| 
  9.7 	| 00000f18 |00000000 	|00000000 	|00000000 	| 
  9.7 	| 00000f1c |00000000 	|00000000 	|00000000 	| 
  9.7 	| 00000f20 |00000000 	|00000000 	|00000000 	| 
  9.7 	| 00000f24 |00000000 	|00000000 	|00000000 	| 
  9.7 	| 00000f28 |00000000 	|00000000 	|00000000 	| 
  9.8 	| 00000f2c |00000000 	|00000000 	|00000000 	| 
  9.8 	| 00000f30 |00000000 	|00000000 	|00000000 	| 
  9.8 	| 00000f34 |00000000 	|00000000 	|00000000 	| 
  9.8 	| 00000f38 |00000000 	|00000000 	|00000000 	| 
  9.8 	| 00000f3c |00000000 	|00000000 	|00000000 	| 
  9.8 	| 00000f40 |00000000 	|00000000 	|00000000 	| 
  9.8 	| 00000f44 |00000000 	|00000000 	|00000000 	| 
  9.8 	| 00000f48 |00000000 	|00000000 	|00000000 	| 
  9.8 	| 00000f4c |00000000 	|00000000 	|00000000 	| 
  9.8 	| 00000f50 |00000000 	|00000000 	|00000000 	| 
  9.8 	| 00000f54 |00000000 	|00000000 	|00000000 	| 
  9.9 	| 00000f58 |00000000 	|00000000 	|00000000 	| 
  9.9 	| 00000f5c |00000000 	|00000000 	|00000000 	| 
  9.9 	| 00000f60 |00000000 	|00000000 	|00000000 	| 
  9.9 	| 00000f64 |00000000 	|00000000 	|00000000 	| 
  9.9 	| 00000f68 |00000000 	|00000000 	|00000000 	| 
  9.9 	| 00000f6c |00000000 	|00000000 	|00000000 	| 
  9.9 	| 00000f70 |00000000 	|00000000 	|00000000 	| 
  9.9 	| 00000f74 |00000000 	|00000000 	|00000000 	| 
  9.9 	| 00000f78 |00000000 	|00000000 	|00000000 	| 
  9.9 	| 00000f7c |00000000 	|00000000 	|00000000 	| 
 10.0 	| 00000f80 |00000000 	|00000000 	|00000000 	| 
 10.0 	| 00000f84 |00000000 	|00000000 	|00000000 	| 
 10.0 	| 00000f88 |00000000 	|00000000 	|00000000 	| 
 10.0 	| 00000f8c |00000000 	|00000000 	|00000000 	| 
